<?xml version="1.0" encoding="UTF-8"?><testsuite errors="0" failures="0" name="org.example.features.search.SearchByKeywordStory" skipped="3" tests="3" time="1.52" timestamp="2021-05-14 05:02:22"><testcase classname="org.example.features.search.SearchByKeywordStory" name="Searching by keyword banana should display the corresponding article"><skipped/></testcase><testcase classname="org.example.features.search.SearchByKeywordStory" name="Searching by ambiguious keyword should display the disambiguation page"><skipped/></testcase><testcase classname="org.example.features.search.SearchByKeywordStory" name="Searching by keyword apple should display the corresponding article"><skipped/></testcase></testsuite>