<?xml version="1.0" encoding="UTF-8"?><testsuite errors="0" failures="1" name="org.example.features.search.OlxTest" skipped="0" tests="1" time="0.0" timestamp="2021-05-14 01:18:52"><testcase classname="org.example.features.search.OlxTest" name="Initialisation"><failure message="The page object class org.example.pages.OlxPage looks dodgy:&#10;Failed to instantiate page (java.lang.IllegalArgumentException: You must specify at most one location strategy. Number found: 2 ([tag name: input, class name:login_auth]))" type="net.thucydides.core.pages.WrongPageError">The page object class org.example.pages.OlxPage looks dodgy:
Failed to instantiate page (java.lang.IllegalArgumentException: You must specify at most one location strategy. Number found: 2 ([tag name: input, class name:login_auth]))</failure><system-err>The page object class org.example.pages.OlxPage looks dodgy:
Failed to instantiate page (java.lang.IllegalArgumentException: You must specify at most one location strategy. Number found: 2 ([tag name: input, class name:login_auth]))&#13;
</system-err></testcase></testsuite>